\BOOKMARK [2][-]{section*.1}{\376\377\0004\000.\0006}{}% 1
\BOOKMARK [3][-]{section*.2}{\376\377\000a\000.\000\051}{section*.1}% 2
\BOOKMARK [3][-]{section*.3}{\376\377\000b\000.\000\051}{section*.1}% 3
\BOOKMARK [3][-]{section*.4}{\376\377\000c\000.\000\051}{section*.1}% 4
\BOOKMARK [2][-]{section*.5}{\376\377\0004\000.\0001\0002}{}% 5
\BOOKMARK [3][-]{section*.6}{\376\377\000a\000.\000\051}{section*.5}% 6
\BOOKMARK [3][-]{section*.7}{\376\377\000b\000.\000\051}{section*.5}% 7
\BOOKMARK [3][-]{section*.8}{\376\377\000c\000.\000\051}{section*.5}% 8
\BOOKMARK [2][-]{section*.9}{\376\377\0004\000.\0002\0003}{}% 9
\BOOKMARK [3][-]{section*.10}{\376\377\000a\000.\000\051}{section*.9}% 10
\BOOKMARK [3][-]{section*.11}{\376\377\000b\000.\000\051}{section*.9}% 11
\BOOKMARK [2][-]{section*.12}{\376\377\0005\000.\0006}{}% 12
\BOOKMARK [3][-]{section*.13}{\376\377\000a\000.\000\051}{section*.12}% 13
\BOOKMARK [3][-]{section*.14}{\376\377\000b\000.\000\051}{section*.12}% 14
\BOOKMARK [3][-]{section*.15}{\376\377\000c\000.\000\051}{section*.12}% 15
\BOOKMARK [2][-]{section*.16}{\376\377\0005\000.\0001\0005}{}% 16
\BOOKMARK [3][-]{section*.17}{\376\377\000a\000.\000\051}{section*.16}% 17
\BOOKMARK [3][-]{section*.18}{\376\377\000c\000.\000\051}{section*.16}% 18
\BOOKMARK [3][-]{section*.19}{\376\377\000d\000.\000\051}{section*.16}% 19
\BOOKMARK [2][-]{section*.20}{\376\377\0005\000.\0003\0005}{}% 20
\BOOKMARK [3][-]{section*.21}{\376\377\000a\000.\000\051}{section*.20}% 21
\BOOKMARK [3][-]{section*.22}{\376\377\000b\000.\000\051}{section*.20}% 22
\BOOKMARK [3][-]{section*.23}{\376\377\000c\000.\000\051}{section*.20}% 23
\BOOKMARK [3][-]{section*.24}{\376\377\000d\000.\000\051}{section*.20}% 24
\BOOKMARK [2][-]{section*.25}{\376\377\0005\000.\0003\0009}{}% 25
\BOOKMARK [3][-]{section*.26}{\376\377\000a\000.\000\051}{section*.25}% 26
\BOOKMARK [3][-]{section*.27}{\376\377\000b\000.\000\051}{section*.25}% 27
\BOOKMARK [3][-]{section*.28}{\376\377\000c\000.\000\051}{section*.25}% 28
\BOOKMARK [3][-]{section*.29}{\376\377\000d\000.\000\051}{section*.25}% 29
\BOOKMARK [2][-]{section*.30}{\376\377\0006\000.\0008}{}% 30
\BOOKMARK [2][-]{section*.31}{\376\377\0006\000.\0002\0006}{}% 31
\BOOKMARK [3][-]{section*.32}{\376\377\000b\000.\000\051}{section*.31}% 32
\BOOKMARK [2][-]{section*.33}{\376\377\000M\000o\000d\000e\000l\000i\000n\000g\000\040\000M\000P\000G}{}% 33
\BOOKMARK [3][-]{section*.34}{\376\377\000a\000.\000\051}{section*.33}% 34
\BOOKMARK [3][-]{section*.35}{\376\377\000b\000.\000\051}{section*.33}% 35
\BOOKMARK [3][-]{section*.36}{\376\377\000c\000.\000\051}{section*.33}% 36
\BOOKMARK [3][-]{section*.37}{\376\377\000d\000.\000\051\000\040\000C\000o\000n\000f\000u\000s\000i\000o\000n\000\040\000M\000a\000t\000r\000i\000c\000e\000s}{section*.33}% 37
\BOOKMARK [2][-]{section*.38}{\376\377\000M\000o\000r\000e\000\040\000M\000a\000t\000c\000h\000e\000d\000\040\000C\000a\000s\000e\000\040\000C\000o\000n\000t\000r\000o\000l}{}% 38
\BOOKMARK [3][-]{section*.39}{\376\377\000a\000.\000\051}{section*.38}% 39
\BOOKMARK [3][-]{section*.40}{\376\377\000b\000.\000\051}{section*.38}% 40
\BOOKMARK [3][-]{section*.41}{\376\377\000c\000.\000\051}{section*.38}% 41
\BOOKMARK [3][-]{section*.42}{\376\377\000d\000.\000\051}{section*.38}% 42
\BOOKMARK [3][-]{section*.43}{\376\377\000e\000.\000\051}{section*.38}% 43
\BOOKMARK [3][-]{section*.44}{\376\377\000f\000.\000\051}{section*.38}% 44
\BOOKMARK [2][-]{section*.45}{\376\377\0004\000.\0002\0003\000\040\000P\000a\000r\000t\000\040\000I\000I}{}% 45
\BOOKMARK [3][-]{section*.46}{\376\377\000a\000.\000\051}{section*.45}% 46
\BOOKMARK [3][-]{section*.47}{\376\377\0001\000-\0003}{section*.45}% 47
\BOOKMARK [3][-]{section*.48}{\376\377\0001\000\040\000-\000\040\000F\000i\000t}{section*.45}% 48
\BOOKMARK [3][-]{section*.49}{\376\377\000P\000r\000o\000o\000f\000\040\000o\000f\000\040\000C\000o\000n\000c\000e\000p\000t}{section*.45}% 49
