\BOOKMARK [2][-]{section*.1}{\376\377\0008\000.\0008}{}% 1
\BOOKMARK [3][-]{section*.2}{\376\377\000a\000.\000\051}{section*.1}% 2
\BOOKMARK [3][-]{section*.3}{\376\377\000b\000.\000\051}{section*.1}% 3
\BOOKMARK [3][-]{section*.4}{\376\377\000c\000.\000\051}{section*.1}% 4
\BOOKMARK [2][-]{section*.5}{\376\377\0008\000.\0001\0000}{}% 5
\BOOKMARK [3][-]{section*.6}{\376\377\000a\000.\000\051}{section*.5}% 6
\BOOKMARK [3][-]{section*.7}{\376\377\000b\000.\000\051}{section*.5}% 7
\BOOKMARK [3][-]{section*.8}{\376\377\000c\000.\000\051}{section*.5}% 8
\BOOKMARK [3][-]{section*.9}{\376\377\000d\000.\000\051}{section*.5}% 9
\BOOKMARK [2][-]{section*.10}{\376\377\0008\000.\0001\0007}{}% 10
\BOOKMARK [3][-]{section*.11}{\376\377\000b\000.\000\051}{section*.10}% 11
\BOOKMARK [2][-]{section*.12}{\376\377\0008\000.\0002\0003}{}% 12
\BOOKMARK [2][-]{section*.16}{\376\377\0009\000.\0007}{}% 13
\BOOKMARK [3][-]{section*.17}{\376\377\000a\000.\000\051}{section*.16}% 14
\BOOKMARK [3][-]{section*.18}{\376\377\000b\000.\000\051}{section*.16}% 15
\BOOKMARK [3][-]{section*.19}{\376\377\000c\000.\000\051}{section*.16}% 16
\BOOKMARK [2][-]{section*.20}{\376\377\0009\000.\0008}{}% 17
\BOOKMARK [3][-]{section*.21}{\376\377\000a\000.\000\051}{section*.20}% 18
\BOOKMARK [3][-]{section*.22}{\376\377\000b\000.\000\051}{section*.20}% 19
\BOOKMARK [3][-]{section*.23}{\376\377\000c\000.\000\051}{section*.20}% 20
\BOOKMARK [2][-]{section*.24}{\376\377\0009\000.\0002\0000}{}% 21
\BOOKMARK [2][-]{section*.25}{\376\377\0009\000.\0002\0005}{}% 22
\BOOKMARK [3][-]{section*.26}{\376\377\000a\000.\000\051}{section*.25}% 23
\BOOKMARK [3][-]{section*.27}{\376\377\000b\000.\000\051}{section*.25}% 24
\BOOKMARK [2][-]{section*.28}{\376\377\0001\0000\000.\0001\0009}{}% 25
\BOOKMARK [2][-]{section*.29}{\376\377\000D\000i\000g\000i\000t\000\040\000L\000o\000g\000i\000s\000t\000i\000c\000\040\000R\000e\000g\000r\000e\000s\000s\000i\000o\000n}{}% 26
\BOOKMARK [2][-]{section*.30}{\376\377\000D\000e\000e\000p\000e\000r\000\040\000L\000a\000s\000s\000o\000\040\000D\000i\000v\000e}{}% 27
\BOOKMARK [3][-]{section*.31}{\376\377\0001\000.\000\051}{section*.30}% 28
\BOOKMARK [3][-]{section*.32}{\376\377\0002\000.\000\051}{section*.30}% 29
